[0.000][INFO]:      ChromeDriver 23.0.1240.0 /usr/bin/chromedriver
[0.271][FINE]:      Initializing session with capabilities {
   "browserName": "chrome",
   "chrome.detach": true,
   "chromeOptions": {
      "detach": true
   },
   "cssSelectorsEnabled": true,
   "javascriptEnabled": true,
   "nativeEvents": false,
   "platform": "ANY",
   "rotatable": false,
   "takesScreenshot": false,
   "version": ""
}

[0.272][INFO]:      Using named testing interface
[0.834][INFO]:      Connected to Chrome successfully. Version: 27.0.1453.116
[0.843][FINE]:      Command received (/session/39482b210149f5aa2dd47ac6b9d4e292)
[0.843][FINE]:      Command finished (/session/39482b210149f5aa2dd47ac6b9d4e292) with response {
   "sessionId": "39482b210149f5aa2dd47ac6b9d4e292",
   "status": 0,
   "value": {
      "acceptSslCerts": false,
      "applicationCacheEnabled": false,
      "browserConnectionEnabled": false,
      "browserName": "chrome",
      "chrome.chromedriverVersion": "23.0.1240.0",
      "chrome.nativeEvents": false,
      "cssSelectorsEnabled": true,
      "databaseEnabled": false,
      "handlesAlerts": true,
      "javascriptEnabled": true,
      "locationContextEnabled": false,
      "nativeEvents": true,
      "platform": "mac",
      "rotatable": false,
      "takesScreenshot": true,
      "version": "27.0.1453.116",
      "webStorageEnabled": true
   }
}

[0.845][FINE]:      Command received (/session/39482b210149f5aa2dd47ac6b9d4e292/url) with params {
   "url": "http://www.CambriaUSA.com"
}

[0.845][FINER]:     Waiting for all views to stop loading...
[0.854][FINER]:     Done waiting for all views to stop loading
[4.341][FINER]:     Waiting for all views to stop loading...
[4.365][FINER]:     Done waiting for all views to stop loading
[4.365][FINE]:      Command finished (/session/39482b210149f5aa2dd47ac6b9d4e292/url) with response {
   "sessionId": "39482b210149f5aa2dd47ac6b9d4e292",
   "status": 0,
   "value": {

   }
}

[4.366][FINE]:      Command received (/session/39482b210149f5aa2dd47ac6b9d4e292/url)
[4.366][FINER]:     Waiting for all views to stop loading...
[4.367][FINER]:     Done waiting for all views to stop loading
[4.431][FINER]:     Waiting for all views to stop loading...
[4.453][FINER]:     Done waiting for all views to stop loading
[4.454][FINE]:      Command finished (/session/39482b210149f5aa2dd47ac6b9d4e292/url) with response {
   "sessionId": "39482b210149f5aa2dd47ac6b9d4e292",
   "status": 0,
   "value": "http://www.cambriausa.com/"
}

[4.455][FINE]:      Command received (/session/39482b210149f5aa2dd47ac6b9d4e292/title)
[4.455][FINER]:     Waiting for all views to stop loading...
[4.496][FINER]:     Done waiting for all views to stop loading
[4.531][FINER]:     Waiting for all views to stop loading...
[4.531][FINER]:     Done waiting for all views to stop loading
[4.531][FINE]:      Command finished (/session/39482b210149f5aa2dd47ac6b9d4e292/title) with response {
   "sessionId": "39482b210149f5aa2dd47ac6b9d4e292",
   "status": 0,
   "value": "Quartz Countertops | Stone Surfaces for the Kitchen, Bath & more | Cambria"
}

[4.533][FINE]:      Command received (/session/39482b210149f5aa2dd47ac6b9d4e292/url)
[4.533][FINER]:     Waiting for all views to stop loading...
[4.566][FINER]:     Done waiting for all views to stop loading
[4.632][FINER]:     Waiting for all views to stop loading...
[4.632][FINER]:     Done waiting for all views to stop loading
[4.632][FINE]:      Command finished (/session/39482b210149f5aa2dd47ac6b9d4e292/url) with response {
   "sessionId": "39482b210149f5aa2dd47ac6b9d4e292",
   "status": 0,
   "value": "http://www.cambriausa.com/"
}

[4.633][FINE]:      Command received (/session/39482b210149f5aa2dd47ac6b9d4e292/title)
[4.633][FINER]:     Waiting for all views to stop loading...
[4.667][FINER]:     Done waiting for all views to stop loading
[4.733][FINER]:     Waiting for all views to stop loading...
[4.737][FINER]:     Done waiting for all views to stop loading
[4.737][FINE]:      Command finished (/session/39482b210149f5aa2dd47ac6b9d4e292/title) with response {
   "sessionId": "39482b210149f5aa2dd47ac6b9d4e292",
   "status": 0,
   "value": "Quartz Countertops | Stone Surfaces for the Kitchen, Bath & more | Cambria"
}

[4.740][FINE]:      Command received (/session/39482b210149f5aa2dd47ac6b9d4e292/frame) with params {
   "id": null
}

[4.740][FINER]:     Waiting for all views to stop loading...
[4.766][FINER]:     Done waiting for all views to stop loading
[4.766][FINER]:     Waiting for all views to stop loading...
[4.803][FINER]:     Done waiting for all views to stop loading
[4.803][FINE]:      Command finished (/session/39482b210149f5aa2dd47ac6b9d4e292/frame) with response {
   "sessionId": "39482b210149f5aa2dd47ac6b9d4e292",
   "status": 0,
   "value": {

   }
}

[4.804][FINE]:      Command received (/session/39482b210149f5aa2dd47ac6b9d4e292/elements) with params {
   "using": "xpath",
   "value": ".//a"
}

[4.804][FINER]:     Waiting for all views to stop loading...
[4.833][FINER]:     Done waiting for all views to stop loading
[4.902][FINER]:     Waiting for all views to stop loading...
[4.936][FINER]:     Done waiting for all views to stop loading
[4.936][FINE]:      Command finished (/session/39482b210149f5aa2dd47ac6b9d4e292/elements) with response {
   "sessionId": "39482b210149f5aa2dd47ac6b9d4e292",
   "status": 0,
   "value": [ {
      "ELEMENT": ":wdc:1372185797257"
   }, {
      "ELEMENT": ":wdc:1372185797258"
   }, {
      "ELEMENT": ":wdc:1372185797259"
   }, {
      "ELEMENT": ":wdc:1372185797260"
   }, {
      "ELEMENT": ":wdc:1372185797261"
   }, {
      "ELEMENT": ":wdc:1372185797262"
   }, {
      "ELEMENT": ":wdc:1372185797263"
   }, {
      "ELEMENT": ":wdc:1372185797264"
   }, {
      "ELEMENT": ":wdc:1372185797265"
   }, {
      "ELEMENT": ":wdc:1372185797266"
   }, {
      "ELEMENT": ":wdc:1372185797267"
   }, {
      "ELEMENT": ":wdc:1372185797268"
   }, {
      "ELEMENT": ":wdc:1372185797269"
   }, {
      "ELEMENT": ":wdc:1372185797270"
   }, {
      "ELEMENT": ":wdc:1372185797271"
   }, {
      "ELEMENT": ":wdc:1372185797272"
   }, {
      "ELEMENT": ":wdc:1372185797273"
   }, {
      "ELEMENT": ":wdc:1372185797274"
   }, {
      "ELEMENT": ":wdc:1372185797275"
   }, {
      "ELEMENT": ":wdc:1372185797276"
   }, {
      "ELEMENT": ":wdc:1372185797277"
   }, {
      "ELEMENT": ":wdc:1372185797278"
   }, {
      "ELEMENT": ":wdc:1372185797279"
   }, {
      "ELEMENT": ":wdc:1372185797280"
   }, {
      "ELEMENT": ":wdc:1372185797281"
   }, {
      "ELEMENT": ":wdc:1372185797282"
   }, {
      "ELEMENT": ":wdc:1372185797283"
   }, {
      "ELEMENT": ":wdc:1372185797284"
   }, {
      "ELEMENT": ":wdc:1372185797285"
   }, {
      "ELEMENT": ":wdc:1372185797286"
   }, {
      "ELEMENT": ":wdc:1372185797287"
   }, {
      "ELEMENT": ":wdc:1372185797288"
   }, {
      "ELEMENT": ":wdc:1372185797289"
   }, {
      "ELEMENT": ":wdc:1372185797290"
   }, {
      "ELEMENT": ":wdc:1372185797291"
   }, {
      "ELEMENT": ":wdc:1372185797292"
   }, {
      "ELEMENT": ":wdc:1372185797293"
   }, {
      "ELEMENT": ":wdc:1372185797294"
   }, {
      "ELEMENT": ":wdc:1372185797295"
   }, {
      "ELEMENT": ":wdc:1372185797296"
   }, {
      "ELEMENT": ":wdc:1372185797297"
   }, {
      "ELEMENT": ":wdc:1372185797298"
   }, {
      "ELEMENT": ":wdc:1372185797299"
   }, {
      "ELEMENT": ":wdc:1372185797300"
   }, {
      "ELEMENT": ":wdc:1372185797301"
   }, {
      "ELEMENT": ":wdc:1372185797302"
   }, {
      "ELEMENT": ":wdc:1372185797303"
   }, {
      "ELEMENT": ":wdc:1372185797304"
   }, {
      "ELEMENT": ":wdc:1372185797305"
   }, {
      "ELEMENT": ":wdc:1372185797306"
   }, {
      "ELEMENT": ":wdc:1372185797307"
   }, {
      "ELEMENT": ":wdc:1372185797308"
   }, {
      "ELEMENT": ":wdc:1372185797309"
   }, {
      "ELEMENT": ":wdc:1372185797310"
   }, {
      "ELEMENT": ":wdc:1372185797311"
   }, {
      "ELEMENT": ":wdc:1372185797312"
   }, {
      "ELEMENT": ":wdc:1372185797313"
   }, {
      "ELEMENT": ":wdc:1372185797314"
   }, {
      "ELEMENT": ":wdc:1372185797315"
   }, {
      "ELEMENT": ":wdc:1372185797316"
   }, {
      "ELEMENT": ":wdc:1372185797317"
   }, {
      "ELEMENT": ":wdc:1372185797318"
   }, {
      "ELEMENT": ":wdc:1372185797319"
   }, {
      "ELEMENT": ":wdc:1372185797320"
   }, {
      "ELEMENT": ":wdc:1372185797321"
   }, {
      "ELEMENT": ":wdc:1372185797322"
   }, {
      "ELEMENT": ":wdc:1372185797323"
   }, {
      "ELEMENT": ":wdc:1372185797324"
   }, {
      "ELEMENT": ":wdc:1372185797325"
   }, {
      "ELEMENT": ":wdc:1372185797326"
   }, {
      "ELEMENT": ":wdc:1372185797327"
   }, {
      "ELEMENT": ":wdc:1372185797328"
   }, {
      "ELEMENT": ":wdc:1372185797329"
   }, {
      "ELEMENT": ":wdc:1372185797330"
   }, {
      "ELEMENT": ":wdc:1372185797331"
   }, {
      "ELEMENT": ":wdc:1372185797332"
   }, {
      "ELEMENT": ":wdc:1372185797333"
   }, {
      "ELEMENT": ":wdc:1372185797334"
   }, {
      "ELEMENT": ":wdc:1372185797335"
   }, {
      "ELEMENT": ":wdc:1372185797336"
   }, {
      "ELEMENT": ":wdc:1372185797337"
   }, {
      "ELEMENT": ":wdc:1372185797338"
   }, {
      "ELEMENT": ":wdc:1372185797339"
   } ]
}

[4.939][FINE]:      Command received (/session/39482b210149f5aa2dd47ac6b9d4e292/element/:wdc:1372185797257/text)
[4.939][FINER]:     Waiting for all views to stop loading...
[4.965][FINER]:     Done waiting for all views to stop loading
[5.033][FINER]:     Waiting for all views to stop loading...
[5.073][FINER]:     Done waiting for all views to stop loading
[5.073][FINE]:      Command finished (/session/39482b210149f5aa2dd47ac6b9d4e292/element/:wdc:1372185797257/text) with response {
   "sessionId": "39482b210149f5aa2dd47ac6b9d4e292",
   "status": 0,
   "value": "Skip to main content"
}

[5.075][FINE]:      Command received (/session/39482b210149f5aa2dd47ac6b9d4e292/element/:wdc:1372185797258/text)
[5.075][FINER]:     Waiting for all views to stop loading...
[5.134][FINER]:     Done waiting for all views to stop loading
[5.184][FINER]:     Waiting for all views to stop loading...
[5.223][FINER]:     Done waiting for all views to stop loading
[5.223][FINE]:      Command finished (/session/39482b210149f5aa2dd47ac6b9d4e292/element/:wdc:1372185797258/text) with response {
   "sessionId": "39482b210149f5aa2dd47ac6b9d4e292",
   "status": 0,
   "value": ""
}

[5.225][FINE]:      Command received (/session/39482b210149f5aa2dd47ac6b9d4e292/element/:wdc:1372185797259/text)
[5.225][FINER]:     Waiting for all views to stop loading...
[5.251][FINER]:     Done waiting for all views to stop loading
[5.321][FINER]:     Waiting for all views to stop loading...
[5.349][FINER]:     Done waiting for all views to stop loading
[5.349][FINE]:      Command finished (/session/39482b210149f5aa2dd47ac6b9d4e292/element/:wdc:1372185797259/text) with response {
   "sessionId": "39482b210149f5aa2dd47ac6b9d4e292",
   "status": 0,
   "value": "Designs"
}

[5.352][FINE]:      Command received (/session/39482b210149f5aa2dd47ac6b9d4e292/element/:wdc:1372185797259/name)
[5.352][FINER]:     Waiting for all views to stop loading...
[5.383][FINER]:     Done waiting for all views to stop loading
[5.452][FINER]:     Waiting for all views to stop loading...
[5.483][FINER]:     Done waiting for all views to stop loading
[5.483][FINE]:      Command finished (/session/39482b210149f5aa2dd47ac6b9d4e292/element/:wdc:1372185797259/name) with response {
   "sessionId": "39482b210149f5aa2dd47ac6b9d4e292",
   "status": 0,
   "value": "a"
}

[5.486][FINE]:      Command received (/session/39482b210149f5aa2dd47ac6b9d4e292/element/:wdc:1372185797259/enabled)
[5.486][FINER]:     Waiting for all views to stop loading...
[5.517][FINER]:     Done waiting for all views to stop loading
[5.583][FINER]:     Waiting for all views to stop loading...
[5.616][FINER]:     Done waiting for all views to stop loading
[5.616][FINE]:      Command finished (/session/39482b210149f5aa2dd47ac6b9d4e292/element/:wdc:1372185797259/enabled) with response {
   "sessionId": "39482b210149f5aa2dd47ac6b9d4e292",
   "status": 0,
   "value": true
}

[5.619][FINE]:      Command received (/session/39482b210149f5aa2dd47ac6b9d4e292/element/:wdc:1372185797259/click) with params {

}

[5.619][FINER]:     Waiting for all views to stop loading...
[5.649][FINER]:     Done waiting for all views to stop loading
[6.153][FINER]:     Waiting for all views to stop loading...
[6.153][FINER]:     Done waiting for all views to stop loading
[6.154][FINE]:      Command finished (/session/39482b210149f5aa2dd47ac6b9d4e292/element/:wdc:1372185797259/click) with response {
   "sessionId": "39482b210149f5aa2dd47ac6b9d4e292",
   "status": 0,
   "value": {

   }
}

[7.155][FINE]:      Command received (/session/39482b210149f5aa2dd47ac6b9d4e292/element) with params {
   "using": "tag name",
   "value": "body"
}

[7.155][FINER]:     Waiting for all views to stop loading...
[7.168][FINER]:     Done waiting for all views to stop loading
[7.241][FINER]:     Waiting for all views to stop loading...
[7.273][FINER]:     Done waiting for all views to stop loading
[7.273][FINE]:      Command finished (/session/39482b210149f5aa2dd47ac6b9d4e292/element) with response {
   "sessionId": "39482b210149f5aa2dd47ac6b9d4e292",
   "status": 0,
   "value": {
      "ELEMENT": ":wdc:1372185797340"
   }
}

[7.274][FINE]:      Command received (/session/39482b210149f5aa2dd47ac6b9d4e292/element/:wdc:1372185797340/text)
[7.274][FINER]:     Waiting for all views to stop loading...
[7.304][FINER]:     Done waiting for all views to stop loading
[7.451][FINER]:     Waiting for all views to stop loading...
[7.454][FINER]:     Done waiting for all views to stop loading
[7.454][FINE]:      Command finished (/session/39482b210149f5aa2dd47ac6b9d4e292/element/:wdc:1372185797340/text) with response {
   "sessionId": "39482b210149f5aa2dd47ac6b9d4e292",
   "status": 0,
   "value": "Quartz Countertops | Stone Surfaces for the Kitchen, Bath & more | Cambria\nSkip to main content\nD..."
}

[7.457][FINE]:      Command received (/session/39482b210149f5aa2dd47ac6b9d4e292/element) with params {
   "using": "tag name",
   "value": "body"
}

[7.457][FINER]:     Waiting for all views to stop loading...
[7.457][FINER]:     Done waiting for all views to stop loading
[7.466][FINER]:     Waiting for all views to stop loading...
[7.467][FINER]:     Done waiting for all views to stop loading
[7.467][FINE]:      Command finished (/session/39482b210149f5aa2dd47ac6b9d4e292/element) with response {
   "sessionId": "39482b210149f5aa2dd47ac6b9d4e292",
   "status": 0,
   "value": {
      "ELEMENT": ":wdc:1372185797340"
   }
}

[7.468][FINE]:      Command received (/session/39482b210149f5aa2dd47ac6b9d4e292/element/:wdc:1372185797340/text)
[7.468][FINER]:     Waiting for all views to stop loading...
[7.468][FINER]:     Done waiting for all views to stop loading
[7.587][FINER]:     Waiting for all views to stop loading...
[7.588][FINER]:     Done waiting for all views to stop loading
[7.588][FINE]:      Command finished (/session/39482b210149f5aa2dd47ac6b9d4e292/element/:wdc:1372185797340/text) with response {
   "sessionId": "39482b210149f5aa2dd47ac6b9d4e292",
   "status": 0,
   "value": "Quartz Countertops | Stone Surfaces for the Kitchen, Bath & more | Cambria\nSkip to main content\nD..."
}

[7.590][FINE]:      Command received (/session/39482b210149f5aa2dd47ac6b9d4e292/element) with params {
   "using": "tag name",
   "value": "body"
}

[7.590][FINER]:     Waiting for all views to stop loading...
[7.590][FINER]:     Done waiting for all views to stop loading
[7.610][FINER]:     Waiting for all views to stop loading...
[7.637][FINER]:     Done waiting for all views to stop loading
[7.637][FINE]:      Command finished (/session/39482b210149f5aa2dd47ac6b9d4e292/element) with response {
   "sessionId": "39482b210149f5aa2dd47ac6b9d4e292",
   "status": 0,
   "value": {
      "ELEMENT": ":wdc:1372185797340"
   }
}

[7.638][FINE]:      Command received (/session/39482b210149f5aa2dd47ac6b9d4e292/element/:wdc:1372185797340/text)
[7.638][FINER]:     Waiting for all views to stop loading...
[7.671][FINER]:     Done waiting for all views to stop loading
[7.783][FINER]:     Waiting for all views to stop loading...
[7.784][FINER]:     Done waiting for all views to stop loading
[7.784][FINE]:      Command finished (/session/39482b210149f5aa2dd47ac6b9d4e292/element/:wdc:1372185797340/text) with response {
   "sessionId": "39482b210149f5aa2dd47ac6b9d4e292",
   "status": 0,
   "value": "Quartz Countertops | Stone Surfaces for the Kitchen, Bath & more | Cambria\nSkip to main content\nD..."
}

[7.785][FINE]:      Command received (/session/39482b210149f5aa2dd47ac6b9d4e292/element) with params {
   "using": "tag name",
   "value": "body"
}

[7.785][FINER]:     Waiting for all views to stop loading...
[7.786][FINER]:     Done waiting for all views to stop loading
[7.801][FINER]:     Waiting for all views to stop loading...
[7.807][FINER]:     Done waiting for all views to stop loading
[7.807][FINE]:      Command finished (/session/39482b210149f5aa2dd47ac6b9d4e292/element) with response {
   "sessionId": "39482b210149f5aa2dd47ac6b9d4e292",
   "status": 0,
   "value": {
      "ELEMENT": ":wdc:1372185797340"
   }
}

[7.808][FINE]:      Command received (/session/39482b210149f5aa2dd47ac6b9d4e292/element/:wdc:1372185797340/text)
[7.808][FINER]:     Waiting for all views to stop loading...
[7.833][FINER]:     Done waiting for all views to stop loading
[7.945][FINER]:     Waiting for all views to stop loading...
[7.945][FINER]:     Done waiting for all views to stop loading
[7.945][FINE]:      Command finished (/session/39482b210149f5aa2dd47ac6b9d4e292/element/:wdc:1372185797340/text) with response {
   "sessionId": "39482b210149f5aa2dd47ac6b9d4e292",
   "status": 0,
   "value": "Quartz Countertops | Stone Surfaces for the Kitchen, Bath & more | Cambria\nSkip to main content\nD..."
}

[7.946][FINE]:      Command received (/session/39482b210149f5aa2dd47ac6b9d4e292/element) with params {
   "using": "tag name",
   "value": "body"
}

[7.946][FINER]:     Waiting for all views to stop loading...
[7.947][FINER]:     Done waiting for all views to stop loading
[7.969][FINER]:     Waiting for all views to stop loading...
[7.984][FINER]:     Done waiting for all views to stop loading
[7.984][FINE]:      Command finished (/session/39482b210149f5aa2dd47ac6b9d4e292/element) with response {
   "sessionId": "39482b210149f5aa2dd47ac6b9d4e292",
   "status": 0,
   "value": {
      "ELEMENT": ":wdc:1372185797340"
   }
}

[7.985][FINE]:      Command received (/session/39482b210149f5aa2dd47ac6b9d4e292/element/:wdc:1372185797340/text)
[7.985][FINER]:     Waiting for all views to stop loading...
[8.018][FINER]:     Done waiting for all views to stop loading
[8.132][FINER]:     Waiting for all views to stop loading...
[8.132][FINER]:     Done waiting for all views to stop loading
[8.132][FINE]:      Command finished (/session/39482b210149f5aa2dd47ac6b9d4e292/element/:wdc:1372185797340/text) with response {
   "sessionId": "39482b210149f5aa2dd47ac6b9d4e292",
   "status": 0,
   "value": "Quartz Countertops | Stone Surfaces for the Kitchen, Bath & more | Cambria\nSkip to main content\nD..."
}

[8.133][FINE]:      Command received (/session/39482b210149f5aa2dd47ac6b9d4e292/element) with params {
   "using": "tag name",
   "value": "body"
}

[8.133][FINER]:     Waiting for all views to stop loading...
[8.133][FINER]:     Done waiting for all views to stop loading
[8.151][FINER]:     Waiting for all views to stop loading...
[8.151][FINER]:     Done waiting for all views to stop loading
[8.151][FINE]:      Command finished (/session/39482b210149f5aa2dd47ac6b9d4e292/element) with response {
   "sessionId": "39482b210149f5aa2dd47ac6b9d4e292",
   "status": 0,
   "value": {
      "ELEMENT": ":wdc:1372185797340"
   }
}

[8.155][FINE]:      Command received (/session/39482b210149f5aa2dd47ac6b9d4e292/element/:wdc:1372185797340/text)
[8.155][FINER]:     Waiting for all views to stop loading...
[8.167][FINER]:     Done waiting for all views to stop loading
[8.282][FINER]:     Waiting for all views to stop loading...
[8.282][FINER]:     Done waiting for all views to stop loading
[8.282][FINE]:      Command finished (/session/39482b210149f5aa2dd47ac6b9d4e292/element/:wdc:1372185797340/text) with response {
   "sessionId": "39482b210149f5aa2dd47ac6b9d4e292",
   "status": 0,
   "value": "Quartz Countertops | Stone Surfaces for the Kitchen, Bath & more | Cambria\nSkip to main content\nD..."
}

[8.284][FINE]:      Command received (/session/39482b210149f5aa2dd47ac6b9d4e292/frame) with params {
   "id": null
}

[8.284][FINER]:     Waiting for all views to stop loading...
[8.284][FINER]:     Done waiting for all views to stop loading
[8.284][FINER]:     Waiting for all views to stop loading...
[8.284][FINER]:     Done waiting for all views to stop loading
[8.284][FINE]:      Command finished (/session/39482b210149f5aa2dd47ac6b9d4e292/frame) with response {
   "sessionId": "39482b210149f5aa2dd47ac6b9d4e292",
   "status": 0,
   "value": {

   }
}

[8.285][FINE]:      Command received (/session/39482b210149f5aa2dd47ac6b9d4e292/elements) with params {
   "using": "xpath",
   "value": ".//a"
}

[8.285][FINER]:     Waiting for all views to stop loading...
[8.286][FINER]:     Done waiting for all views to stop loading
[8.302][FINER]:     Waiting for all views to stop loading...
[8.317][FINER]:     Done waiting for all views to stop loading
[8.317][FINE]:      Command finished (/session/39482b210149f5aa2dd47ac6b9d4e292/elements) with response {
   "sessionId": "39482b210149f5aa2dd47ac6b9d4e292",
   "status": 0,
   "value": [ {
      "ELEMENT": ":wdc:1372185797257"
   }, {
      "ELEMENT": ":wdc:1372185797258"
   }, {
      "ELEMENT": ":wdc:1372185797259"
   }, {
      "ELEMENT": ":wdc:1372185797260"
   }, {
      "ELEMENT": ":wdc:1372185797261"
   }, {
      "ELEMENT": ":wdc:1372185797262"
   }, {
      "ELEMENT": ":wdc:1372185797263"
   }, {
      "ELEMENT": ":wdc:1372185797264"
   }, {
      "ELEMENT": ":wdc:1372185797265"
   }, {
      "ELEMENT": ":wdc:1372185797266"
   }, {
      "ELEMENT": ":wdc:1372185797267"
   }, {
      "ELEMENT": ":wdc:1372185797268"
   }, {
      "ELEMENT": ":wdc:1372185797269"
   }, {
      "ELEMENT": ":wdc:1372185797270"
   }, {
      "ELEMENT": ":wdc:1372185797271"
   }, {
      "ELEMENT": ":wdc:1372185797272"
   }, {
      "ELEMENT": ":wdc:1372185797273"
   }, {
      "ELEMENT": ":wdc:1372185797274"
   }, {
      "ELEMENT": ":wdc:1372185797275"
   }, {
      "ELEMENT": ":wdc:1372185797276"
   }, {
      "ELEMENT": ":wdc:1372185797277"
   }, {
      "ELEMENT": ":wdc:1372185797278"
   }, {
      "ELEMENT": ":wdc:1372185797279"
   }, {
      "ELEMENT": ":wdc:1372185797280"
   }, {
      "ELEMENT": ":wdc:1372185797281"
   }, {
      "ELEMENT": ":wdc:1372185797282"
   }, {
      "ELEMENT": ":wdc:1372185797283"
   }, {
      "ELEMENT": ":wdc:1372185797284"
   }, {
      "ELEMENT": ":wdc:1372185797285"
   }, {
      "ELEMENT": ":wdc:1372185797286"
   }, {
      "ELEMENT": ":wdc:1372185797287"
   }, {
      "ELEMENT": ":wdc:1372185797288"
   }, {
      "ELEMENT": ":wdc:1372185797289"
   }, {
      "ELEMENT": ":wdc:1372185797290"
   }, {
      "ELEMENT": ":wdc:1372185797291"
   }, {
      "ELEMENT": ":wdc:1372185797292"
   }, {
      "ELEMENT": ":wdc:1372185797293"
   }, {
      "ELEMENT": ":wdc:1372185797294"
   }, {
      "ELEMENT": ":wdc:1372185797295"
   }, {
      "ELEMENT": ":wdc:1372185797296"
   }, {
      "ELEMENT": ":wdc:1372185797297"
   }, {
      "ELEMENT": ":wdc:1372185797298"
   }, {
      "ELEMENT": ":wdc:1372185797299"
   }, {
      "ELEMENT": ":wdc:1372185797300"
   }, {
      "ELEMENT": ":wdc:1372185797301"
   }, {
      "ELEMENT": ":wdc:1372185797302"
   }, {
      "ELEMENT": ":wdc:1372185797303"
   }, {
      "ELEMENT": ":wdc:1372185797304"
   }, {
      "ELEMENT": ":wdc:1372185797305"
   }, {
      "ELEMENT": ":wdc:1372185797306"
   }, {
      "ELEMENT": ":wdc:1372185797307"
   }, {
      "ELEMENT": ":wdc:1372185797308"
   }, {
      "ELEMENT": ":wdc:1372185797309"
   }, {
      "ELEMENT": ":wdc:1372185797310"
   }, {
      "ELEMENT": ":wdc:1372185797311"
   }, {
      "ELEMENT": ":wdc:1372185797312"
   }, {
      "ELEMENT": ":wdc:1372185797313"
   }, {
      "ELEMENT": ":wdc:1372185797314"
   }, {
      "ELEMENT": ":wdc:1372185797315"
   }, {
      "ELEMENT": ":wdc:1372185797316"
   }, {
      "ELEMENT": ":wdc:1372185797317"
   }, {
      "ELEMENT": ":wdc:1372185797318"
   }, {
      "ELEMENT": ":wdc:1372185797319"
   }, {
      "ELEMENT": ":wdc:1372185797320"
   }, {
      "ELEMENT": ":wdc:1372185797321"
   }, {
      "ELEMENT": ":wdc:1372185797322"
   }, {
      "ELEMENT": ":wdc:1372185797323"
   }, {
      "ELEMENT": ":wdc:1372185797324"
   }, {
      "ELEMENT": ":wdc:1372185797325"
   }, {
      "ELEMENT": ":wdc:1372185797326"
   }, {
      "ELEMENT": ":wdc:1372185797327"
   }, {
      "ELEMENT": ":wdc:1372185797328"
   }, {
      "ELEMENT": ":wdc:1372185797329"
   }, {
      "ELEMENT": ":wdc:1372185797330"
   }, {
      "ELEMENT": ":wdc:1372185797331"
   }, {
      "ELEMENT": ":wdc:1372185797332"
   }, {
      "ELEMENT": ":wdc:1372185797333"
   }, {
      "ELEMENT": ":wdc:1372185797334"
   }, {
      "ELEMENT": ":wdc:1372185797335"
   }, {
      "ELEMENT": ":wdc:1372185797336"
   }, {
      "ELEMENT": ":wdc:1372185797337"
   }, {
      "ELEMENT": ":wdc:1372185797338"
   }, {
      "ELEMENT": ":wdc:1372185797339"
   } ]
}

[8.319][FINE]:      Command received (/session/39482b210149f5aa2dd47ac6b9d4e292/element/:wdc:1372185797257/text)
[8.319][FINER]:     Waiting for all views to stop loading...
[8.351][FINER]:     Done waiting for all views to stop loading
[8.420][FINER]:     Waiting for all views to stop loading...
[8.420][FINER]:     Done waiting for all views to stop loading
[8.420][FINE]:      Command finished (/session/39482b210149f5aa2dd47ac6b9d4e292/element/:wdc:1372185797257/text) with response {
   "sessionId": "39482b210149f5aa2dd47ac6b9d4e292",
   "status": 0,
   "value": "Skip to main content"
}

[8.421][FINE]:      Command received (/session/39482b210149f5aa2dd47ac6b9d4e292/element/:wdc:1372185797258/text)
[8.421][FINER]:     Waiting for all views to stop loading...
[8.421][FINER]:     Done waiting for all views to stop loading
[8.469][FINER]:     Waiting for all views to stop loading...
[8.486][FINER]:     Done waiting for all views to stop loading
[8.486][FINE]:      Command finished (/session/39482b210149f5aa2dd47ac6b9d4e292/element/:wdc:1372185797258/text) with response {
   "sessionId": "39482b210149f5aa2dd47ac6b9d4e292",
   "status": 0,
   "value": ""
}

[8.487][FINE]:      Command received (/session/39482b210149f5aa2dd47ac6b9d4e292/element/:wdc:1372185797259/text)
[8.487][FINER]:     Waiting for all views to stop loading...
[8.501][FINER]:     Done waiting for all views to stop loading
[8.535][FINER]:     Waiting for all views to stop loading...
[8.535][FINER]:     Done waiting for all views to stop loading
[8.535][FINE]:      Command finished (/session/39482b210149f5aa2dd47ac6b9d4e292/element/:wdc:1372185797259/text) with response {
   "sessionId": "39482b210149f5aa2dd47ac6b9d4e292",
   "status": 0,
   "value": "Designs"
}

[8.536][FINE]:      Command received (/session/39482b210149f5aa2dd47ac6b9d4e292/element/:wdc:1372185797260/text)
[8.536][FINER]:     Waiting for all views to stop loading...
[8.551][FINER]:     Done waiting for all views to stop loading
[8.602][FINER]:     Waiting for all views to stop loading...
[8.602][FINER]:     Done waiting for all views to stop loading
[8.602][FINE]:      Command finished (/session/39482b210149f5aa2dd47ac6b9d4e292/element/:wdc:1372185797260/text) with response {
   "sessionId": "39482b210149f5aa2dd47ac6b9d4e292",
   "status": 0,
   "value": "Design Palette"
}

[8.603][FINE]:      Command received (/session/39482b210149f5aa2dd47ac6b9d4e292/element/:wdc:1372185797261/text)
[8.603][FINER]:     Waiting for all views to stop loading...
[8.603][FINER]:     Done waiting for all views to stop loading
[8.645][FINER]:     Waiting for all views to stop loading...
[8.646][FINER]:     Done waiting for all views to stop loading
[8.646][FINE]:      Command finished (/session/39482b210149f5aa2dd47ac6b9d4e292/element/:wdc:1372185797261/text) with response {
   "sessionId": "39482b210149f5aa2dd47ac6b9d4e292",
   "status": 0,
   "value": "Edge Profiles"
}

[8.652][FINE]:      Command received (/session/39482b210149f5aa2dd47ac6b9d4e292/element/:wdc:1372185797262/text)
[8.652][FINER]:     Waiting for all views to stop loading...
[8.656][FINER]:     Done waiting for all views to stop loading
[8.695][FINER]:     Waiting for all views to stop loading...
[8.696][FINER]:     Done waiting for all views to stop loading
[8.696][FINE]:      Command finished (/session/39482b210149f5aa2dd47ac6b9d4e292/element/:wdc:1372185797262/text) with response {
   "sessionId": "39482b210149f5aa2dd47ac6b9d4e292",
   "status": 0,
   "value": "Photos & Videos"
}

[8.697][FINE]:      Command received (/session/39482b210149f5aa2dd47ac6b9d4e292/element/:wdc:1372185797263/text)
[8.697][FINER]:     Waiting for all views to stop loading...
[8.697][FINER]:     Done waiting for all views to stop loading
[8.752][FINER]:     Waiting for all views to stop loading...
[8.767][FINER]:     Done waiting for all views to stop loading
[8.767][FINE]:      Command finished (/session/39482b210149f5aa2dd47ac6b9d4e292/element/:wdc:1372185797263/text) with response {
   "sessionId": "39482b210149f5aa2dd47ac6b9d4e292",
   "status": 0,
   "value": "Dream Board"
}

[8.778][FINE]:      Command received (/session/39482b210149f5aa2dd47ac6b9d4e292/element/:wdc:1372185797264/text)
[8.778][FINER]:     Waiting for all views to stop loading...
[8.786][FINER]:     Done waiting for all views to stop loading
[8.835][FINER]:     Waiting for all views to stop loading...
[8.850][FINER]:     Done waiting for all views to stop loading
[8.850][FINE]:      Command finished (/session/39482b210149f5aa2dd47ac6b9d4e292/element/:wdc:1372185797264/text) with response {
   "sessionId": "39482b210149f5aa2dd47ac6b9d4e292",
   "status": 0,
   "value": "Paint Match Tool"
}

[8.852][FINE]:      Command received (/session/39482b210149f5aa2dd47ac6b9d4e292/element/:wdc:1372185797265/text)
[8.852][FINER]:     Waiting for all views to stop loading...
[8.869][FINER]:     Done waiting for all views to stop loading
[8.918][FINER]:     Waiting for all views to stop loading...
[8.937][FINER]:     Done waiting for all views to stop loading
[8.937][FINE]:      Command finished (/session/39482b210149f5aa2dd47ac6b9d4e292/element/:wdc:1372185797265/text) with response {
   "sessionId": "39482b210149f5aa2dd47ac6b9d4e292",
   "status": 0,
   "value": "Studios & Galleries"
}

[8.938][FINE]:      Command received (/session/39482b210149f5aa2dd47ac6b9d4e292/element/:wdc:1372185797266/text)
[8.938][FINER]:     Waiting for all views to stop loading...
[8.952][FINER]:     Done waiting for all views to stop loading
[9.001][FINER]:     Waiting for all views to stop loading...
[9.001][FINER]:     Done waiting for all views to stop loading
[9.001][FINE]:      Command finished (/session/39482b210149f5aa2dd47ac6b9d4e292/element/:wdc:1372185797266/text) with response {
   "sessionId": "39482b210149f5aa2dd47ac6b9d4e292",
   "status": 0,
   "value": "Read More"
}

[9.003][FINE]:      Command received (/session/39482b210149f5aa2dd47ac6b9d4e292/element/:wdc:1372185797267/text)
[9.003][FINER]:     Waiting for all views to stop loading...
[9.019][FINER]:     Done waiting for all views to stop loading
[9.069][FINER]:     Waiting for all views to stop loading...
[9.069][FINER]:     Done waiting for all views to stop loading
[9.069][FINE]:      Command finished (/session/39482b210149f5aa2dd47ac6b9d4e292/element/:wdc:1372185797267/text) with response {
   "sessionId": "39482b210149f5aa2dd47ac6b9d4e292",
   "status": 0,
   "value": "SEE CAMBRIA STYLE"
}

[9.070][FINE]:      Command received (/session/39482b210149f5aa2dd47ac6b9d4e292/element/:wdc:1372185797268/text)
[9.070][FINER]:     Waiting for all views to stop loading...
[9.085][FINER]:     Done waiting for all views to stop loading
[9.136][FINER]:     Waiting for all views to stop loading...
[9.151][FINER]:     Done waiting for all views to stop loading
[9.151][FINE]:      Command finished (/session/39482b210149f5aa2dd47ac6b9d4e292/element/:wdc:1372185797268/text) with response {
   "sessionId": "39482b210149f5aa2dd47ac6b9d4e292",
   "status": 0,
   "value": "Advantages"
}

[9.152][FINE]:      Command received (/session/39482b210149f5aa2dd47ac6b9d4e292/element/:wdc:1372185797268/name)
[9.152][FINER]:     Waiting for all views to stop loading...
[9.153][FINER]:     Done waiting for all views to stop loading
[9.171][FINER]:     Waiting for all views to stop loading...
[9.186][FINER]:     Done waiting for all views to stop loading
[9.186][FINE]:      Command finished (/session/39482b210149f5aa2dd47ac6b9d4e292/element/:wdc:1372185797268/name) with response {
   "sessionId": "39482b210149f5aa2dd47ac6b9d4e292",
   "status": 0,
   "value": "a"
}

[9.187][FINE]:      Command received (/session/39482b210149f5aa2dd47ac6b9d4e292/element/:wdc:1372185797268/enabled)
[9.187][FINER]:     Waiting for all views to stop loading...
[9.203][FINER]:     Done waiting for all views to stop loading
[9.236][FINER]:     Waiting for all views to stop loading...
[9.253][FINER]:     Done waiting for all views to stop loading
[9.253][FINE]:      Command finished (/session/39482b210149f5aa2dd47ac6b9d4e292/element/:wdc:1372185797268/enabled) with response {
   "sessionId": "39482b210149f5aa2dd47ac6b9d4e292",
   "status": 0,
   "value": true
}

[9.254][FINE]:      Command received (/session/39482b210149f5aa2dd47ac6b9d4e292/element/:wdc:1372185797268/click) with params {

}

[9.254][FINER]:     Waiting for all views to stop loading...
[9.269][FINER]:     Done waiting for all views to stop loading
[9.503][FINER]:     Waiting for all views to stop loading...
[9.508][FINER]:     Done waiting for all views to stop loading
[9.508][FINE]:      Command finished (/session/39482b210149f5aa2dd47ac6b9d4e292/element/:wdc:1372185797268/click) with response {
   "sessionId": "39482b210149f5aa2dd47ac6b9d4e292",
   "status": 0,
   "value": {

   }
}

[10.510][FINE]:     Command received (/session/39482b210149f5aa2dd47ac6b9d4e292/element) with params {
   "using": "tag name",
   "value": "body"
}

[10.510][FINER]:    Waiting for all views to stop loading...
[10.524][FINER]:    Done waiting for all views to stop loading
[10.556][FINER]:    Waiting for all views to stop loading...
[10.556][FINER]:    Done waiting for all views to stop loading
[10.556][FINE]:     Command finished (/session/39482b210149f5aa2dd47ac6b9d4e292/element) with response {
   "sessionId": "39482b210149f5aa2dd47ac6b9d4e292",
   "status": 0,
   "value": {
      "ELEMENT": ":wdc:1372185797340"
   }
}

[10.558][FINE]:     Command received (/session/39482b210149f5aa2dd47ac6b9d4e292/element/:wdc:1372185797340/text)
[10.558][FINER]:    Waiting for all views to stop loading...
[10.574][FINER]:    Done waiting for all views to stop loading
[10.680][FINER]:    Waiting for all views to stop loading...
[10.680][FINER]:    Done waiting for all views to stop loading
[10.680][FINE]:     Command finished (/session/39482b210149f5aa2dd47ac6b9d4e292/element/:wdc:1372185797340/text) with response {
   "sessionId": "39482b210149f5aa2dd47ac6b9d4e292",
   "status": 0,
   "value": "Quartz Countertops | Stone Surfaces for the Kitchen, Bath & more | Cambria\nSkip to main content\nD..."
}

[10.682][FINE]:     Command received (/session/39482b210149f5aa2dd47ac6b9d4e292/element) with params {
   "using": "tag name",
   "value": "body"
}

[10.682][FINER]:    Waiting for all views to stop loading...
[10.682][FINER]:    Done waiting for all views to stop loading
[10.693][FINER]:    Waiting for all views to stop loading...
[10.693][FINER]:    Done waiting for all views to stop loading
[10.693][FINE]:     Command finished (/session/39482b210149f5aa2dd47ac6b9d4e292/element) with response {
   "sessionId": "39482b210149f5aa2dd47ac6b9d4e292",
   "status": 0,
   "value": {
      "ELEMENT": ":wdc:1372185797340"
   }
}

[10.694][FINE]:     Command received (/session/39482b210149f5aa2dd47ac6b9d4e292/element/:wdc:1372185797340/text)
[10.694][FINER]:    Waiting for all views to stop loading...
[10.697][FINER]:    Done waiting for all views to stop loading
[10.806][FINER]:    Waiting for all views to stop loading...
[10.806][FINER]:    Done waiting for all views to stop loading
[10.806][FINE]:     Command finished (/session/39482b210149f5aa2dd47ac6b9d4e292/element/:wdc:1372185797340/text) with response {
   "sessionId": "39482b210149f5aa2dd47ac6b9d4e292",
   "status": 0,
   "value": "Quartz Countertops | Stone Surfaces for the Kitchen, Bath & more | Cambria\nSkip to main content\nD..."
}

[10.808][FINE]:     Command received (/session/39482b210149f5aa2dd47ac6b9d4e292/element) with params {
   "using": "tag name",
   "value": "body"
}

[10.808][FINER]:    Waiting for all views to stop loading...
[10.809][FINER]:    Done waiting for all views to stop loading
[10.827][FINER]:    Waiting for all views to stop loading...
[10.845][FINER]:    Done waiting for all views to stop loading
[10.845][FINE]:     Command finished (/session/39482b210149f5aa2dd47ac6b9d4e292/element) with response {
   "sessionId": "39482b210149f5aa2dd47ac6b9d4e292",
   "status": 0,
   "value": {
      "ELEMENT": ":wdc:1372185797340"
   }
}

[10.846][FINE]:     Command received (/session/39482b210149f5aa2dd47ac6b9d4e292/element/:wdc:1372185797340/text)
[10.846][FINER]:    Waiting for all views to stop loading...
[10.858][FINER]:    Done waiting for all views to stop loading
[10.954][FINER]:    Waiting for all views to stop loading...
[10.954][FINER]:    Done waiting for all views to stop loading
[10.954][FINE]:     Command finished (/session/39482b210149f5aa2dd47ac6b9d4e292/element/:wdc:1372185797340/text) with response {
   "sessionId": "39482b210149f5aa2dd47ac6b9d4e292",
   "status": 0,
   "value": "Quartz Countertops | Stone Surfaces for the Kitchen, Bath & more | Cambria\nSkip to main content\nD..."
}

[10.955][FINE]:     Command received (/session/39482b210149f5aa2dd47ac6b9d4e292/element) with params {
   "using": "tag name",
   "value": "body"
}

[10.955][FINER]:    Waiting for all views to stop loading...
[10.956][FINER]:    Done waiting for all views to stop loading
[10.975][FINER]:    Waiting for all views to stop loading...
[10.976][FINER]:    Done waiting for all views to stop loading
[10.976][FINE]:     Command finished (/session/39482b210149f5aa2dd47ac6b9d4e292/element) with response {
   "sessionId": "39482b210149f5aa2dd47ac6b9d4e292",
   "status": 0,
   "value": {
      "ELEMENT": ":wdc:1372185797340"
   }
}

[10.977][FINE]:     Command received (/session/39482b210149f5aa2dd47ac6b9d4e292/element/:wdc:1372185797340/text)
[10.977][FINER]:    Waiting for all views to stop loading...
[10.977][FINER]:    Done waiting for all views to stop loading
[11.079][FINER]:    Waiting for all views to stop loading...
[11.079][FINER]:    Done waiting for all views to stop loading
[11.079][FINE]:     Command finished (/session/39482b210149f5aa2dd47ac6b9d4e292/element/:wdc:1372185797340/text) with response {
   "sessionId": "39482b210149f5aa2dd47ac6b9d4e292",
   "status": 0,
   "value": "Quartz Countertops | Stone Surfaces for the Kitchen, Bath & more | Cambria\nSkip to main content\nD..."
}

[11.081][FINE]:     Command received (/session/39482b210149f5aa2dd47ac6b9d4e292/element) with params {
   "using": "tag name",
   "value": "body"
}

[11.081][FINER]:    Waiting for all views to stop loading...
[11.082][FINER]:    Done waiting for all views to stop loading
[11.093][FINER]:    Waiting for all views to stop loading...
[11.107][FINER]:    Done waiting for all views to stop loading
[11.107][FINE]:     Command finished (/session/39482b210149f5aa2dd47ac6b9d4e292/element) with response {
   "sessionId": "39482b210149f5aa2dd47ac6b9d4e292",
   "status": 0,
   "value": {
      "ELEMENT": ":wdc:1372185797340"
   }
}

[11.108][FINE]:     Command received (/session/39482b210149f5aa2dd47ac6b9d4e292/element/:wdc:1372185797340/text)
[11.108][FINER]:    Waiting for all views to stop loading...
[11.128][FINER]:    Done waiting for all views to stop loading
[11.227][FINER]:    Waiting for all views to stop loading...
[11.228][FINER]:    Done waiting for all views to stop loading
[11.228][FINE]:     Command finished (/session/39482b210149f5aa2dd47ac6b9d4e292/element/:wdc:1372185797340/text) with response {
   "sessionId": "39482b210149f5aa2dd47ac6b9d4e292",
   "status": 0,
   "value": "Quartz Countertops | Stone Surfaces for the Kitchen, Bath & more | Cambria\nSkip to main content\nD..."
}

[11.229][FINE]:     Command received (/session/39482b210149f5aa2dd47ac6b9d4e292)
[11.351][INFO]:     Chrome shutdown
